[2025-04-11T20:47:11.669+0000] {processor.py:186} INFO - Started process (PID=26) to work on /home/airflow/dags/my_dag_name.py
[2025-04-11T20:47:11.671+0000] {processor.py:914} INFO - Processing file /home/airflow/dags/my_dag_name.py for tasks to queue
[2025-04-11T20:47:11.675+0000] {logging_mixin.py:190} INFO - [2025-04-11T20:47:11.674+0000] {dagbag.py:588} INFO - Filling up the DagBag from /home/airflow/dags/my_dag_name.py
[2025-04-11T20:47:11.696+0000] {processor.py:925} INFO - DAG(s) 'my_dag_name' retrieved from /home/airflow/dags/my_dag_name.py
[2025-04-11T20:47:12.021+0000] {logging_mixin.py:190} INFO - [2025-04-11T20:47:12.020+0000] {override.py:1930} INFO - Created Permission View: can delete on DAG:my_dag_name
[2025-04-11T20:47:12.038+0000] {logging_mixin.py:190} INFO - [2025-04-11T20:47:12.038+0000] {override.py:1930} INFO - Created Permission View: can edit on DAG:my_dag_name
[2025-04-11T20:47:12.051+0000] {logging_mixin.py:190} INFO - [2025-04-11T20:47:12.050+0000] {override.py:1930} INFO - Created Permission View: can read on DAG:my_dag_name
[2025-04-11T20:47:12.073+0000] {logging_mixin.py:190} INFO - [2025-04-11T20:47:12.072+0000] {override.py:1930} INFO - Created Permission View: can delete on DAG Run:my_dag_name
[2025-04-11T20:47:12.084+0000] {logging_mixin.py:190} INFO - [2025-04-11T20:47:12.084+0000] {override.py:1930} INFO - Created Permission View: can create on DAG Run:my_dag_name
[2025-04-11T20:47:12.097+0000] {logging_mixin.py:190} INFO - [2025-04-11T20:47:12.096+0000] {override.py:1930} INFO - Created Permission View: can read on DAG Run:my_dag_name
[2025-04-11T20:47:12.109+0000] {logging_mixin.py:190} INFO - [2025-04-11T20:47:12.108+0000] {override.py:1930} INFO - Created Permission View: menu access on DAG Run:my_dag_name
[2025-04-11T20:47:12.109+0000] {logging_mixin.py:190} INFO - [2025-04-11T20:47:12.109+0000] {dag.py:3239} INFO - Sync 1 DAGs
[2025-04-11T20:47:12.125+0000] {logging_mixin.py:190} INFO - [2025-04-11T20:47:12.125+0000] {dag.py:3262} INFO - Creating ORM DAG for my_dag_name
[2025-04-11T20:47:12.137+0000] {logging_mixin.py:190} INFO - [2025-04-11T20:47:12.137+0000] {dag.py:4180} INFO - Setting next_dagrun for my_dag_name to 2021-01-01 00:00:00+00:00, run_after=2021-01-02 00:00:00+00:00
[2025-04-11T20:47:12.159+0000] {processor.py:208} INFO - Processing /home/airflow/dags/my_dag_name.py took 0.502 seconds
[2025-04-11T20:47:42.586+0000] {processor.py:186} INFO - Started process (PID=27) to work on /home/airflow/dags/my_dag_name.py
[2025-04-11T20:47:42.587+0000] {processor.py:914} INFO - Processing file /home/airflow/dags/my_dag_name.py for tasks to queue
[2025-04-11T20:47:42.590+0000] {logging_mixin.py:190} INFO - [2025-04-11T20:47:42.589+0000] {dagbag.py:588} INFO - Filling up the DagBag from /home/airflow/dags/my_dag_name.py
[2025-04-11T20:47:42.607+0000] {processor.py:925} INFO - DAG(s) 'my_dag_name' retrieved from /home/airflow/dags/my_dag_name.py
[2025-04-11T20:47:42.638+0000] {logging_mixin.py:190} INFO - [2025-04-11T20:47:42.638+0000] {dag.py:3239} INFO - Sync 1 DAGs
[2025-04-11T20:47:42.784+0000] {logging_mixin.py:190} INFO - [2025-04-11T20:47:42.784+0000] {dag.py:4180} INFO - Setting next_dagrun for my_dag_name to 2021-01-01 00:00:00+00:00, run_after=2021-01-02 00:00:00+00:00
[2025-04-11T20:47:42.830+0000] {processor.py:208} INFO - Processing /home/airflow/dags/my_dag_name.py took 0.252 seconds
[2025-04-11T20:48:13.373+0000] {processor.py:186} INFO - Started process (PID=28) to work on /home/airflow/dags/my_dag_name.py
[2025-04-11T20:48:13.400+0000] {processor.py:914} INFO - Processing file /home/airflow/dags/my_dag_name.py for tasks to queue
[2025-04-11T20:48:13.416+0000] {logging_mixin.py:190} INFO - [2025-04-11T20:48:13.414+0000] {dagbag.py:588} INFO - Filling up the DagBag from /home/airflow/dags/my_dag_name.py
[2025-04-11T20:48:13.486+0000] {processor.py:925} INFO - DAG(s) 'my_dag_name' retrieved from /home/airflow/dags/my_dag_name.py
[2025-04-11T20:48:13.530+0000] {logging_mixin.py:190} INFO - [2025-04-11T20:48:13.530+0000] {dag.py:3239} INFO - Sync 1 DAGs
[2025-04-11T20:48:13.697+0000] {logging_mixin.py:190} INFO - [2025-04-11T20:48:13.697+0000] {dag.py:4180} INFO - Setting next_dagrun for my_dag_name to 2021-01-01 00:00:00+00:00, run_after=2021-01-02 00:00:00+00:00
[2025-04-11T20:48:13.746+0000] {processor.py:208} INFO - Processing /home/airflow/dags/my_dag_name.py took 0.420 seconds
[2025-04-11T20:48:44.051+0000] {processor.py:186} INFO - Started process (PID=29) to work on /home/airflow/dags/my_dag_name.py
[2025-04-11T20:48:44.052+0000] {processor.py:914} INFO - Processing file /home/airflow/dags/my_dag_name.py for tasks to queue
[2025-04-11T20:48:44.054+0000] {logging_mixin.py:190} INFO - [2025-04-11T20:48:44.054+0000] {dagbag.py:588} INFO - Filling up the DagBag from /home/airflow/dags/my_dag_name.py
[2025-04-11T20:48:44.070+0000] {processor.py:925} INFO - DAG(s) 'my_dag_name' retrieved from /home/airflow/dags/my_dag_name.py
[2025-04-11T20:48:44.222+0000] {logging_mixin.py:190} INFO - [2025-04-11T20:48:44.222+0000] {dag.py:3239} INFO - Sync 1 DAGs
[2025-04-11T20:48:44.250+0000] {logging_mixin.py:190} INFO - [2025-04-11T20:48:44.250+0000] {dag.py:4180} INFO - Setting next_dagrun for my_dag_name to 2021-01-01 00:00:00+00:00, run_after=2021-01-02 00:00:00+00:00
[2025-04-11T20:48:44.298+0000] {processor.py:208} INFO - Processing /home/airflow/dags/my_dag_name.py took 0.256 seconds
